[0.233s] Invoking command in '/home/kkk/total_care_project/build/communication_interface': CMAKE_PREFIX_PATH=${CMAKE_PREFIX_PATH}:/home/kkk/total_care_project/install/robot_base:/home/kkk/ros2_humble/install/rqt_bag_plugins:/home/kkk/ros2_humble/install/rqt_bag:/home/kkk/ros2_humble/install/ros2bag:/home/kkk/ros2_humble/install/tracetools_test:/home/kkk/ros2_humble/install/tracetools_launch:/home/kkk/ros2_humble/install/topic_monitor:/home/kkk/ros2_humble/install/tf2_tools:/home/kkk/ros2_humble/install/examples_tf2_py:/home/kkk/ros2_humble/install/tf2_ros_py:/home/kkk/ros2_humble/install/sros2:/home/kkk/ros2_humble/install/rqt_topic:/home/kkk/ros2_humble/install/rqt_srv:/home/kkk/ros2_humble/install/rqt_shell:/home/kkk/ros2_humble/install/rqt_service_caller:/home/kkk/ros2_humble/install/rqt_reconfigure:/home/kkk/ros2_humble/install/rqt_py_console:/home/kkk/ros2_humble/install/rqt_publisher:/home/kkk/ros2_humble/install/rqt_plot:/home/kkk/ros2_humble/install/rqt_action:/home/kkk/ros2_humble/install/rqt_msg:/home/kkk/ros2_humble/install/rqt_console:/home/kkk/ros2_humble/install/rqt:/home/kkk/ros2_humble/install/rqt_graph:/home/kkk/ros2_humble/install/rqt_gui_py:/home/kkk/ros2_humble/install/rqt_gui:/home/kkk/ros2_humble/install/ros2trace:/home/kkk/ros2_humble/install/ros2topic:/home/kkk/ros2_humble/install/ros2test:/home/kkk/ros2_humble/install/ros2component:/home/kkk/ros2_humble/install/ros2param:/home/kkk/ros2_humble/install/ros2lifecycle:/home/kkk/ros2_humble/install/ros2service:/home/kkk/ros2_humble/install/ros2run:/home/kkk/ros2_humble/install/ros2launch:/home/kkk/ros2_humble/install/ros2pkg:/home/kkk/ros2_humble/install/ros2node:/home/kkk/ros2_humble/install/ros2multicast:/home/kkk/ros2_humble/install/ros2interface:/home/kkk/ros2_humble/install/ros2doctor:/home/kkk/ros2_humble/install/ros2action:/home/kkk/ros2_humble/install/ros2cli:/home/kkk/ros2_humble/install/quality_of_service_demo_py:/home/kkk/ros2_humble/install/lifecycle_py:/home/kkk/ros2_humble/install/launch_testing_ros:/home/kkk/ros2_humble/install/launch_ros:/home/kkk/ros2_humble/install/examples_rclpy_pointcloud_publisher:/home/kkk/ros2_humble/install/examples_rclpy_minimal_subscriber:/home/kkk/ros2_humble/install/examples_rclpy_minimal_service:/home/kkk/ros2_humble/install/examples_rclpy_minimal_publisher:/home/kkk/ros2_humble/install/examples_rclpy_minimal_client:/home/kkk/ros2_humble/install/examples_rclpy_minimal_action_server:/home/kkk/ros2_humble/install/examples_rclpy_minimal_action_client:/home/kkk/ros2_humble/install/examples_rclpy_guard_conditions:/home/kkk/ros2_humble/install/examples_rclpy_executors:/home/kkk/ros2_humble/install/demo_nodes_py:/home/kkk/ros2_humble/install/action_tutorials_py:/home/kkk/ros2_humble/install/ament_uncrustify:/home/kkk/ros2_humble/install/tracetools_trace:/home/kkk/ros2_humble/install/tracetools_read:/home/kkk/ros2_humble/install/test_tracetools_launch:/home/kkk/ros2_humble/install/test_launch_ros:/home/kkk/ros2_humble/install/sensor_msgs_py:/home/kkk/ros2_humble/install/rpyutils:/home/kkk/ros2_humble/install/rosidl_runtime_py:/home/kkk/ros2_humble/install/rosidl_cli:/home/kkk/ros2_humble/install/launch_pytest:/home/kkk/ros2_humble/install/launch_testing:/home/kkk/ros2_humble/install/launch_yaml:/home/kkk/ros2_humble/install/launch_xml:/home/kkk/ros2_humble/install/launch:/home/kkk/ros2_humble/install/osrf_pycommon:/home/kkk/ros2_humble/install/launch_testing_examples:/home/kkk/ros2_humble/install/domain_coordinator:/home/kkk/ros2_humble/install/ament_xmllint:/home/kkk/ros2_humble/install/ament_pyflakes:/home/kkk/ros2_humble/install/ament_pycodestyle:/home/kkk/ros2_humble/install/ament_pep257:/home/kkk/ros2_humble/install/ament_pclint:/home/kkk/ros2_humble/install/ament_package:/home/kkk/ros2_humble/install/ament_mypy:/home/kkk/ros2_humble/install/ament_lint_cmake:/home/kkk/ros2_humble/install/ament_flake8:/home/kkk/ros2_humble/install/ament_copyright:/home/kkk/ros2_humble/install/ament_lint:/home/kkk/ros2_humble/install/ament_index_python:/home/kkk/ros2_humble/install/ament_cpplint:/home/kkk/ros2_humble/install/ament_cppcheck:/home/kkk/ros2_humble/install/ament_clang_tidy:/home/kkk/ros2_humble/install/ament_clang_format /usr/local/bin/cmake --build /home/kkk/total_care_project/build/communication_interface -- -j8 -l8
[0.315s] [  3%] Built target communication_interface__cpp
[0.318s] [  6%] [32mBuilding C object CMakeFiles/communication_interface__rosidl_generator_c.dir/rosidl_generator_c/communication_interface/srv/detail/action__functions.c.o[0m
[0.330s] [  6%] Built target ament_cmake_python_symlink_communication_interface
[0.337s] In file included from [01m[K/home/kkk/total_care_project/build/communication_interface/rosidl_generator_c/communication_interface/srv/detail/action__functions.h:19[m[K,
[0.337s]                  from [01m[K/home/kkk/total_care_project/build/communication_interface/rosidl_generator_c/communication_interface/srv/detail/action__functions.c:4[m[K:
[0.337s] [01m[K/home/kkk/total_care_project/build/communication_interface/rosidl_generator_c/communication_interface/srv/detail/action__struct.h:23:10:[m[K [01;31m[Kfatal error: [m[Kcommunication_interface/msg/detail/string__struct.h: No such file or directory
[0.337s]    23 | #include [01;31m[K"communication_interface/msg/detail/string__struct.h"[m[K
[0.337s]       |          [01;31m[K^~~~~~~~~~~~~~~~~~~~~~~~~~~~~~~~~~~~~~~~~~~~~~~~~~~~~[m[K
[0.337s] compilation terminated.
[0.339s] [  9%] [32mBuilding CXX object CMakeFiles/communication_interface__rosidl_typesupport_introspection_cpp.dir/rosidl_typesupport_introspection_cpp/communication_interface/srv/detail/action__type_support.cpp.o[0m
[0.341s] [ 12%] [32mBuilding CXX object CMakeFiles/communication_interface__rosidl_typesupport_cpp.dir/rosidl_typesupport_cpp/communication_interface/srv/action__type_support.cpp.o[0m
[0.342s] make[2]: *** [CMakeFiles/communication_interface__rosidl_generator_c.dir/build.make:107: CMakeFiles/communication_interface__rosidl_generator_c.dir/rosidl_generator_c/communication_interface/srv/detail/action__functions.c.o] Error 1
[0.342s] make[1]: *** [CMakeFiles/Makefile2:213: CMakeFiles/communication_interface__rosidl_generator_c.dir/all] Error 2
[0.342s] make[1]: *** Waiting for unfinished jobs....
[0.346s] [ 16%] [32mBuilding CXX object CMakeFiles/communication_interface__rosidl_typesupport_fastrtps_cpp.dir/rosidl_typesupport_fastrtps_cpp/communication_interface/srv/detail/dds_fastrtps/action__type_support.cpp.o[0m
[0.393s] In file included from [01m[K/home/kkk/total_care_project/build/communication_interface/rosidl_typesupport_cpp/communication_interface/srv/action__type_support.cpp:7[m[K:
[0.393s] [01m[K/home/kkk/total_care_project/build/communication_interface/rosidl_generator_cpp/communication_interface/srv/detail/action__struct.hpp:21:10:[m[K [01;31m[Kfatal error: [m[Kcommunication_interface/msg/detail/string__struct.hpp: No such file or directory
[0.393s]    21 | #include [01;31m[K"communication_interface/msg/detail/string__struct.hpp"[m[K
[0.393s]       |          [01;31m[K^~~~~~~~~~~~~~~~~~~~~~~~~~~~~~~~~~~~~~~~~~~~~~~~~~~~~~~[m[K
[0.393s] compilation terminated.
[0.394s] make[2]: *** [CMakeFiles/communication_interface__rosidl_typesupport_cpp.dir/build.make:88: CMakeFiles/communication_interface__rosidl_typesupport_cpp.dir/rosidl_typesupport_cpp/communication_interface/srv/action__type_support.cpp.o] Error 1
[0.394s] make[1]: *** [CMakeFiles/Makefile2:395: CMakeFiles/communication_interface__rosidl_typesupport_cpp.dir/all] Error 2
[0.402s] In file included from [01m[K/home/kkk/total_care_project/build/communication_interface/rosidl_typesupport_introspection_cpp/communication_interface/srv/detail/action__type_support.cpp:12[m[K:
[0.402s] [01m[K/home/kkk/total_care_project/build/communication_interface/rosidl_generator_cpp/communication_interface/srv/detail/action__struct.hpp:21:10:[m[K [01;31m[Kfatal error: [m[Kcommunication_interface/msg/detail/string__struct.hpp: No such file or directory
[0.402s]    21 | #include [01;31m[K"communication_interface/msg/detail/string__struct.hpp"[m[K
[0.402s]       |          [01;31m[K^~~~~~~~~~~~~~~~~~~~~~~~~~~~~~~~~~~~~~~~~~~~~~~~~~~~~~~[m[K
[0.402s] compilation terminated.
[0.403s] make[2]: *** [CMakeFiles/communication_interface__rosidl_typesupport_introspection_cpp.dir/build.make:93: CMakeFiles/communication_interface__rosidl_typesupport_introspection_cpp.dir/rosidl_typesupport_introspection_cpp/communication_interface/srv/detail/action__type_support.cpp.o] Error 1
[0.403s] make[1]: *** [CMakeFiles/Makefile2:369: CMakeFiles/communication_interface__rosidl_typesupport_introspection_cpp.dir/all] Error 2
[0.405s] In file included from [01m[K/home/kkk/total_care_project/build/communication_interface/rosidl_typesupport_fastrtps_cpp/communication_interface/srv/detail/action__rosidl_typesupport_fastrtps_cpp.hpp:11[m[K,
[0.405s]                  from [01m[K/home/kkk/total_care_project/build/communication_interface/rosidl_typesupport_fastrtps_cpp/communication_interface/srv/detail/dds_fastrtps/action__type_support.cpp:4[m[K:
[0.405s] [01m[K/home/kkk/total_care_project/build/communication_interface/rosidl_generator_cpp/communication_interface/srv/detail/action__struct.hpp:21:10:[m[K [01;31m[Kfatal error: [m[Kcommunication_interface/msg/detail/string__struct.hpp: No such file or directory
[0.405s]    21 | #include [01;31m[K"communication_interface/msg/detail/string__struct.hpp"[m[K
[0.405s]       |          [01;31m[K^~~~~~~~~~~~~~~~~~~~~~~~~~~~~~~~~~~~~~~~~~~~~~~~~~~~~~~[m[K
[0.405s] compilation terminated.
[0.406s] make[2]: *** [CMakeFiles/communication_interface__rosidl_typesupport_fastrtps_cpp.dir/build.make:93: CMakeFiles/communication_interface__rosidl_typesupport_fastrtps_cpp.dir/rosidl_typesupport_fastrtps_cpp/communication_interface/srv/detail/dds_fastrtps/action__type_support.cpp.o] Error 1
[0.406s] make[1]: *** [CMakeFiles/Makefile2:291: CMakeFiles/communication_interface__rosidl_typesupport_fastrtps_cpp.dir/all] Error 2
[1.067s] running egg_info
[1.068s] writing communication_interface.egg-info/PKG-INFO
[1.068s] writing dependency_links to communication_interface.egg-info/dependency_links.txt
[1.068s] writing top-level names to communication_interface.egg-info/top_level.txt
[1.112s] reading manifest file 'communication_interface.egg-info/SOURCES.txt'
[1.112s] writing manifest file 'communication_interface.egg-info/SOURCES.txt'
[1.146s] [ 16%] Built target ament_cmake_python_build_communication_interface_egg
[1.147s] make: *** [Makefile:146: all] Error 2
[1.150s] Invoked command in '/home/kkk/total_care_project/build/communication_interface' returned '2': CMAKE_PREFIX_PATH=${CMAKE_PREFIX_PATH}:/home/kkk/total_care_project/install/robot_base:/home/kkk/ros2_humble/install/rqt_bag_plugins:/home/kkk/ros2_humble/install/rqt_bag:/home/kkk/ros2_humble/install/ros2bag:/home/kkk/ros2_humble/install/tracetools_test:/home/kkk/ros2_humble/install/tracetools_launch:/home/kkk/ros2_humble/install/topic_monitor:/home/kkk/ros2_humble/install/tf2_tools:/home/kkk/ros2_humble/install/examples_tf2_py:/home/kkk/ros2_humble/install/tf2_ros_py:/home/kkk/ros2_humble/install/sros2:/home/kkk/ros2_humble/install/rqt_topic:/home/kkk/ros2_humble/install/rqt_srv:/home/kkk/ros2_humble/install/rqt_shell:/home/kkk/ros2_humble/install/rqt_service_caller:/home/kkk/ros2_humble/install/rqt_reconfigure:/home/kkk/ros2_humble/install/rqt_py_console:/home/kkk/ros2_humble/install/rqt_publisher:/home/kkk/ros2_humble/install/rqt_plot:/home/kkk/ros2_humble/install/rqt_action:/home/kkk/ros2_humble/install/rqt_msg:/home/kkk/ros2_humble/install/rqt_console:/home/kkk/ros2_humble/install/rqt:/home/kkk/ros2_humble/install/rqt_graph:/home/kkk/ros2_humble/install/rqt_gui_py:/home/kkk/ros2_humble/install/rqt_gui:/home/kkk/ros2_humble/install/ros2trace:/home/kkk/ros2_humble/install/ros2topic:/home/kkk/ros2_humble/install/ros2test:/home/kkk/ros2_humble/install/ros2component:/home/kkk/ros2_humble/install/ros2param:/home/kkk/ros2_humble/install/ros2lifecycle:/home/kkk/ros2_humble/install/ros2service:/home/kkk/ros2_humble/install/ros2run:/home/kkk/ros2_humble/install/ros2launch:/home/kkk/ros2_humble/install/ros2pkg:/home/kkk/ros2_humble/install/ros2node:/home/kkk/ros2_humble/install/ros2multicast:/home/kkk/ros2_humble/install/ros2interface:/home/kkk/ros2_humble/install/ros2doctor:/home/kkk/ros2_humble/install/ros2action:/home/kkk/ros2_humble/install/ros2cli:/home/kkk/ros2_humble/install/quality_of_service_demo_py:/home/kkk/ros2_humble/install/lifecycle_py:/home/kkk/ros2_humble/install/launch_testing_ros:/home/kkk/ros2_humble/install/launch_ros:/home/kkk/ros2_humble/install/examples_rclpy_pointcloud_publisher:/home/kkk/ros2_humble/install/examples_rclpy_minimal_subscriber:/home/kkk/ros2_humble/install/examples_rclpy_minimal_service:/home/kkk/ros2_humble/install/examples_rclpy_minimal_publisher:/home/kkk/ros2_humble/install/examples_rclpy_minimal_client:/home/kkk/ros2_humble/install/examples_rclpy_minimal_action_server:/home/kkk/ros2_humble/install/examples_rclpy_minimal_action_client:/home/kkk/ros2_humble/install/examples_rclpy_guard_conditions:/home/kkk/ros2_humble/install/examples_rclpy_executors:/home/kkk/ros2_humble/install/demo_nodes_py:/home/kkk/ros2_humble/install/action_tutorials_py:/home/kkk/ros2_humble/install/ament_uncrustify:/home/kkk/ros2_humble/install/tracetools_trace:/home/kkk/ros2_humble/install/tracetools_read:/home/kkk/ros2_humble/install/test_tracetools_launch:/home/kkk/ros2_humble/install/test_launch_ros:/home/kkk/ros2_humble/install/sensor_msgs_py:/home/kkk/ros2_humble/install/rpyutils:/home/kkk/ros2_humble/install/rosidl_runtime_py:/home/kkk/ros2_humble/install/rosidl_cli:/home/kkk/ros2_humble/install/launch_pytest:/home/kkk/ros2_humble/install/launch_testing:/home/kkk/ros2_humble/install/launch_yaml:/home/kkk/ros2_humble/install/launch_xml:/home/kkk/ros2_humble/install/launch:/home/kkk/ros2_humble/install/osrf_pycommon:/home/kkk/ros2_humble/install/launch_testing_examples:/home/kkk/ros2_humble/install/domain_coordinator:/home/kkk/ros2_humble/install/ament_xmllint:/home/kkk/ros2_humble/install/ament_pyflakes:/home/kkk/ros2_humble/install/ament_pycodestyle:/home/kkk/ros2_humble/install/ament_pep257:/home/kkk/ros2_humble/install/ament_pclint:/home/kkk/ros2_humble/install/ament_package:/home/kkk/ros2_humble/install/ament_mypy:/home/kkk/ros2_humble/install/ament_lint_cmake:/home/kkk/ros2_humble/install/ament_flake8:/home/kkk/ros2_humble/install/ament_copyright:/home/kkk/ros2_humble/install/ament_lint:/home/kkk/ros2_humble/install/ament_index_python:/home/kkk/ros2_humble/install/ament_cpplint:/home/kkk/ros2_humble/install/ament_cppcheck:/home/kkk/ros2_humble/install/ament_clang_tidy:/home/kkk/ros2_humble/install/ament_clang_format /usr/local/bin/cmake --build /home/kkk/total_care_project/build/communication_interface -- -j8 -l8
