-- Found ament_cmake: 1.3.5 (/home/kkk/ros2_humble/install/ament_cmake/share/ament_cmake/cmake)
-- Override CMake install command with custom implementation using symlinks instead of copying resources
-- Found builtin_interfaces: 1.2.1 (/home/kkk/ros2_humble/install/builtin_interfaces/share/builtin_interfaces/cmake)
-- Found rosidl_generator_c: 3.1.5 (/home/kkk/ros2_humble/install/rosidl_generator_c/share/rosidl_generator_c/cmake)
-- Found rosidl_adapter: 3.1.5 (/home/kkk/ros2_humble/install/rosidl_adapter/share/rosidl_adapter/cmake)
-- Found rosidl_generator_cpp: 3.1.5 (/home/kkk/ros2_humble/install/rosidl_generator_cpp/share/rosidl_generator_cpp/cmake)
-- Using all available rosidl_typesupport_c: rosidl_typesupport_introspection_c;rosidl_typesupport_fastrtps_c
-- Using all available rosidl_typesupport_cpp: rosidl_typesupport_introspection_cpp;rosidl_typesupport_fastrtps_cpp
-- Found rosidl_default_generators: 1.2.0 (/home/kkk/ros2_humble/install/rosidl_default_generators/share/rosidl_default_generators/cmake)
-- Found ament_cmake_ros: 0.10.0 (/home/kkk/ros2_humble/install/ament_cmake_ros/share/ament_cmake_ros/cmake)
-- Using all available rosidl_typesupport_c: rosidl_typesupport_introspection_c;rosidl_typesupport_fastrtps_c
-- Using all available rosidl_typesupport_cpp: rosidl_typesupport_introspection_cpp;rosidl_typesupport_fastrtps_cpp
-- Found python_cmake_module: 0.10.0 (/home/kkk/ros2_humble/install/python_cmake_module/share/python_cmake_module/cmake)
-- Using PYTHON_EXECUTABLE: /usr/bin/python3
-- Using PYTHON_INCLUDE_DIRS: /usr/include/python3.8
-- Using PYTHON_LIBRARIES: /usr/lib/x86_64-linux-gnu/libpython3.8.so
-- Found ament_lint_auto: 0.12.7 (/home/kkk/ros2_humble/install/ament_lint_auto/share/ament_lint_auto/cmake)
-- Added test 'lint_cmake' to check CMake code style
-- Added test 'xmllint' to check XML markup files
-- Configuring done
-- Generating done
-- Build files have been written to: /home/kkk/total_care_project/build/communication_interface
[  3%] [32mBuilding C object CMakeFiles/communication_interface__rosidl_generator_c.dir/rosidl_generator_c/communication_interface/srv/detail/action__functions.c.o[0m
[  6%] Built target communication_interface__cpp
[  6%] Built target ament_cmake_python_symlink_communication_interface
In file included from [01m[K/home/kkk/total_care_project/build/communication_interface/rosidl_generator_c/communication_interface/srv/detail/action__functions.h:19[m[K,
                 from [01m[K/home/kkk/total_care_project/build/communication_interface/rosidl_generator_c/communication_interface/srv/detail/action__functions.c:4[m[K:
[01m[K/home/kkk/total_care_project/build/communication_interface/rosidl_generator_c/communication_interface/srv/detail/action__struct.h:23:10:[m[K [01;31m[Kfatal error: [m[Kcommunication_interface/msg/detail/string__struct.h: No such file or directory
   23 | #include [01;31m[K"communication_interface/msg/detail/string__struct.h"[m[K
      |          [01;31m[K^~~~~~~~~~~~~~~~~~~~~~~~~~~~~~~~~~~~~~~~~~~~~~~~~~~~~[m[K
compilation terminated.
make[2]: *** [CMakeFiles/communication_interface__rosidl_generator_c.dir/build.make:107: CMakeFiles/communication_interface__rosidl_generator_c.dir/rosidl_generator_c/communication_interface/srv/detail/action__functions.c.o] Error 1
make[1]: *** [CMakeFiles/Makefile2:213: CMakeFiles/communication_interface__rosidl_generator_c.dir/all] Error 2
make[1]: *** Waiting for unfinished jobs....
[ 12%] [32mBuilding CXX object CMakeFiles/communication_interface__rosidl_typesupport_introspection_cpp.dir/rosidl_typesupport_introspection_cpp/communication_interface/srv/detail/action__type_support.cpp.o[0m
[ 12%] [32mBuilding CXX object CMakeFiles/communication_interface__rosidl_typesupport_cpp.dir/rosidl_typesupport_cpp/communication_interface/srv/action__type_support.cpp.o[0m
[ 16%] [32mBuilding CXX object CMakeFiles/communication_interface__rosidl_typesupport_fastrtps_cpp.dir/rosidl_typesupport_fastrtps_cpp/communication_interface/srv/detail/dds_fastrtps/action__type_support.cpp.o[0m
In file included from [01m[K/home/kkk/total_care_project/build/communication_interface/rosidl_typesupport_cpp/communication_interface/srv/action__type_support.cpp:7[m[K:
[01m[K/home/kkk/total_care_project/build/communication_interface/rosidl_generator_cpp/communication_interface/srv/detail/action__struct.hpp:21:10:[m[K [01;31m[Kfatal error: [m[Kcommunication_interface/msg/detail/string__struct.hpp: No such file or directory
   21 | #include [01;31m[K"communication_interface/msg/detail/string__struct.hpp"[m[K
      |          [01;31m[K^~~~~~~~~~~~~~~~~~~~~~~~~~~~~~~~~~~~~~~~~~~~~~~~~~~~~~~[m[K
compilation terminated.
make[2]: *** [CMakeFiles/communication_interface__rosidl_typesupport_cpp.dir/build.make:88: CMakeFiles/communication_interface__rosidl_typesupport_cpp.dir/rosidl_typesupport_cpp/communication_interface/srv/action__type_support.cpp.o] Error 1
make[1]: *** [CMakeFiles/Makefile2:395: CMakeFiles/communication_interface__rosidl_typesupport_cpp.dir/all] Error 2
In file included from [01m[K/home/kkk/total_care_project/build/communication_interface/rosidl_typesupport_introspection_cpp/communication_interface/srv/detail/action__type_support.cpp:12[m[K:
[01m[K/home/kkk/total_care_project/build/communication_interface/rosidl_generator_cpp/communication_interface/srv/detail/action__struct.hpp:21:10:[m[K [01;31m[Kfatal error: [m[Kcommunication_interface/msg/detail/string__struct.hpp: No such file or directory
   21 | #include [01;31m[K"communication_interface/msg/detail/string__struct.hpp"[m[K
      |          [01;31m[K^~~~~~~~~~~~~~~~~~~~~~~~~~~~~~~~~~~~~~~~~~~~~~~~~~~~~~~[m[K
compilation terminated.
make[2]: *** [CMakeFiles/communication_interface__rosidl_typesupport_introspection_cpp.dir/build.make:93: CMakeFiles/communication_interface__rosidl_typesupport_introspection_cpp.dir/rosidl_typesupport_introspection_cpp/communication_interface/srv/detail/action__type_support.cpp.o] Error 1
make[1]: *** [CMakeFiles/Makefile2:369: CMakeFiles/communication_interface__rosidl_typesupport_introspection_cpp.dir/all] Error 2
In file included from [01m[K/home/kkk/total_care_project/build/communication_interface/rosidl_typesupport_fastrtps_cpp/communication_interface/srv/detail/action__rosidl_typesupport_fastrtps_cpp.hpp:11[m[K,
                 from [01m[K/home/kkk/total_care_project/build/communication_interface/rosidl_typesupport_fastrtps_cpp/communication_interface/srv/detail/dds_fastrtps/action__type_support.cpp:4[m[K:
[01m[K/home/kkk/total_care_project/build/communication_interface/rosidl_generator_cpp/communication_interface/srv/detail/action__struct.hpp:21:10:[m[K [01;31m[Kfatal error: [m[Kcommunication_interface/msg/detail/string__struct.hpp: No such file or directory
   21 | #include [01;31m[K"communication_interface/msg/detail/string__struct.hpp"[m[K
      |          [01;31m[K^~~~~~~~~~~~~~~~~~~~~~~~~~~~~~~~~~~~~~~~~~~~~~~~~~~~~~~[m[K
compilation terminated.
make[2]: *** [CMakeFiles/communication_interface__rosidl_typesupport_fastrtps_cpp.dir/build.make:93: CMakeFiles/communication_interface__rosidl_typesupport_fastrtps_cpp.dir/rosidl_typesupport_fastrtps_cpp/communication_interface/srv/detail/dds_fastrtps/action__type_support.cpp.o] Error 1
make[1]: *** [CMakeFiles/Makefile2:291: CMakeFiles/communication_interface__rosidl_typesupport_fastrtps_cpp.dir/all] Error 2
running egg_info
writing communication_interface.egg-info/PKG-INFO
writing dependency_links to communication_interface.egg-info/dependency_links.txt
writing top-level names to communication_interface.egg-info/top_level.txt
reading manifest file 'communication_interface.egg-info/SOURCES.txt'
writing manifest file 'communication_interface.egg-info/SOURCES.txt'
[ 16%] Built target ament_cmake_python_build_communication_interface_egg
make: *** [Makefile:146: all] Error 2
