[0.234s] Invoking command in '/home/kkk/total_care_project/build/communication_interface': CMAKE_PREFIX_PATH=${CMAKE_PREFIX_PATH}:/home/kkk/total_care_project/install/robot_base:/home/kkk/ros2_humble/install/rqt_bag_plugins:/home/kkk/ros2_humble/install/rqt_bag:/home/kkk/ros2_humble/install/ros2bag:/home/kkk/ros2_humble/install/tracetools_test:/home/kkk/ros2_humble/install/tracetools_launch:/home/kkk/ros2_humble/install/topic_monitor:/home/kkk/ros2_humble/install/tf2_tools:/home/kkk/ros2_humble/install/examples_tf2_py:/home/kkk/ros2_humble/install/tf2_ros_py:/home/kkk/ros2_humble/install/sros2:/home/kkk/ros2_humble/install/rqt_topic:/home/kkk/ros2_humble/install/rqt_srv:/home/kkk/ros2_humble/install/rqt_shell:/home/kkk/ros2_humble/install/rqt_service_caller:/home/kkk/ros2_humble/install/rqt_reconfigure:/home/kkk/ros2_humble/install/rqt_py_console:/home/kkk/ros2_humble/install/rqt_publisher:/home/kkk/ros2_humble/install/rqt_plot:/home/kkk/ros2_humble/install/rqt_action:/home/kkk/ros2_humble/install/rqt_msg:/home/kkk/ros2_humble/install/rqt_console:/home/kkk/ros2_humble/install/rqt:/home/kkk/ros2_humble/install/rqt_graph:/home/kkk/ros2_humble/install/rqt_gui_py:/home/kkk/ros2_humble/install/rqt_gui:/home/kkk/ros2_humble/install/ros2trace:/home/kkk/ros2_humble/install/ros2topic:/home/kkk/ros2_humble/install/ros2test:/home/kkk/ros2_humble/install/ros2component:/home/kkk/ros2_humble/install/ros2param:/home/kkk/ros2_humble/install/ros2lifecycle:/home/kkk/ros2_humble/install/ros2service:/home/kkk/ros2_humble/install/ros2run:/home/kkk/ros2_humble/install/ros2launch:/home/kkk/ros2_humble/install/ros2pkg:/home/kkk/ros2_humble/install/ros2node:/home/kkk/ros2_humble/install/ros2multicast:/home/kkk/ros2_humble/install/ros2interface:/home/kkk/ros2_humble/install/ros2doctor:/home/kkk/ros2_humble/install/ros2action:/home/kkk/ros2_humble/install/ros2cli:/home/kkk/ros2_humble/install/quality_of_service_demo_py:/home/kkk/ros2_humble/install/lifecycle_py:/home/kkk/ros2_humble/install/launch_testing_ros:/home/kkk/ros2_humble/install/launch_ros:/home/kkk/ros2_humble/install/examples_rclpy_pointcloud_publisher:/home/kkk/ros2_humble/install/examples_rclpy_minimal_subscriber:/home/kkk/ros2_humble/install/examples_rclpy_minimal_service:/home/kkk/ros2_humble/install/examples_rclpy_minimal_publisher:/home/kkk/ros2_humble/install/examples_rclpy_minimal_client:/home/kkk/ros2_humble/install/examples_rclpy_minimal_action_server:/home/kkk/ros2_humble/install/examples_rclpy_minimal_action_client:/home/kkk/ros2_humble/install/examples_rclpy_guard_conditions:/home/kkk/ros2_humble/install/examples_rclpy_executors:/home/kkk/ros2_humble/install/demo_nodes_py:/home/kkk/ros2_humble/install/action_tutorials_py:/home/kkk/ros2_humble/install/ament_uncrustify:/home/kkk/ros2_humble/install/tracetools_trace:/home/kkk/ros2_humble/install/tracetools_read:/home/kkk/ros2_humble/install/test_tracetools_launch:/home/kkk/ros2_humble/install/test_launch_ros:/home/kkk/ros2_humble/install/sensor_msgs_py:/home/kkk/ros2_humble/install/rpyutils:/home/kkk/ros2_humble/install/rosidl_runtime_py:/home/kkk/ros2_humble/install/rosidl_cli:/home/kkk/ros2_humble/install/launch_pytest:/home/kkk/ros2_humble/install/launch_testing:/home/kkk/ros2_humble/install/launch_yaml:/home/kkk/ros2_humble/install/launch_xml:/home/kkk/ros2_humble/install/launch:/home/kkk/ros2_humble/install/osrf_pycommon:/home/kkk/ros2_humble/install/launch_testing_examples:/home/kkk/ros2_humble/install/domain_coordinator:/home/kkk/ros2_humble/install/ament_xmllint:/home/kkk/ros2_humble/install/ament_pyflakes:/home/kkk/ros2_humble/install/ament_pycodestyle:/home/kkk/ros2_humble/install/ament_pep257:/home/kkk/ros2_humble/install/ament_pclint:/home/kkk/ros2_humble/install/ament_package:/home/kkk/ros2_humble/install/ament_mypy:/home/kkk/ros2_humble/install/ament_lint_cmake:/home/kkk/ros2_humble/install/ament_flake8:/home/kkk/ros2_humble/install/ament_copyright:/home/kkk/ros2_humble/install/ament_lint:/home/kkk/ros2_humble/install/ament_index_python:/home/kkk/ros2_humble/install/ament_cpplint:/home/kkk/ros2_humble/install/ament_cppcheck:/home/kkk/ros2_humble/install/ament_clang_tidy:/home/kkk/ros2_humble/install/ament_clang_format /usr/local/bin/cmake --build /home/kkk/total_care_project/build/communication_interface -- -j8 -l8
[0.277s] -- Found ament_cmake: 1.3.5 (/home/kkk/ros2_humble/install/ament_cmake/share/ament_cmake/cmake)
[1.521s] -- Override CMake install command with custom implementation using symlinks instead of copying resources
[1.535s] -- Found builtin_interfaces: 1.2.1 (/home/kkk/ros2_humble/install/builtin_interfaces/share/builtin_interfaces/cmake)
[1.566s] -- Found rosidl_generator_c: 3.1.5 (/home/kkk/ros2_humble/install/rosidl_generator_c/share/rosidl_generator_c/cmake)
[1.569s] -- Found rosidl_adapter: 3.1.5 (/home/kkk/ros2_humble/install/rosidl_adapter/share/rosidl_adapter/cmake)
[1.575s] -- Found rosidl_generator_cpp: 3.1.5 (/home/kkk/ros2_humble/install/rosidl_generator_cpp/share/rosidl_generator_cpp/cmake)
[1.609s] -- Using all available rosidl_typesupport_c: rosidl_typesupport_introspection_c;rosidl_typesupport_fastrtps_c
[1.649s] -- Using all available rosidl_typesupport_cpp: rosidl_typesupport_introspection_cpp;rosidl_typesupport_fastrtps_cpp
[1.687s] -- Found rosidl_default_generators: 1.2.0 (/home/kkk/ros2_humble/install/rosidl_default_generators/share/rosidl_default_generators/cmake)
[3.478s] -- Found ament_cmake_ros: 0.10.0 (/home/kkk/ros2_humble/install/ament_cmake_ros/share/ament_cmake_ros/cmake)
[5.487s] -- Using all available rosidl_typesupport_c: rosidl_typesupport_introspection_c;rosidl_typesupport_fastrtps_c
[6.300s] -- Using all available rosidl_typesupport_cpp: rosidl_typesupport_introspection_cpp;rosidl_typesupport_fastrtps_cpp
[6.692s] -- Found python_cmake_module: 0.10.0 (/home/kkk/ros2_humble/install/python_cmake_module/share/python_cmake_module/cmake)
[7.085s] -- Using PYTHON_EXECUTABLE: /usr/bin/python3
[7.085s] -- Using PYTHON_INCLUDE_DIRS: /usr/include/python3.8
[7.085s] -- Using PYTHON_LIBRARIES: /usr/lib/x86_64-linux-gnu/libpython3.8.so
[7.390s] -- Found ament_lint_auto: 0.12.7 (/home/kkk/ros2_humble/install/ament_lint_auto/share/ament_lint_auto/cmake)
[7.400s] -- Added test 'lint_cmake' to check CMake code style
[7.400s] -- Added test 'xmllint' to check XML markup files
[7.403s] -- Configuring done
[7.430s] -- Generating done
[7.433s] -- Build files have been written to: /home/kkk/total_care_project/build/communication_interface
[7.475s] [  3%] [32mBuilding C object CMakeFiles/communication_interface__rosidl_generator_c.dir/rosidl_generator_c/communication_interface/srv/detail/action__functions.c.o[0m
[7.475s] [  6%] Built target communication_interface__cpp
[7.488s] [  6%] Built target ament_cmake_python_symlink_communication_interface
[7.494s] In file included from [01m[K/home/kkk/total_care_project/build/communication_interface/rosidl_generator_c/communication_interface/srv/detail/action__functions.h:19[m[K,
[7.494s]                  from [01m[K/home/kkk/total_care_project/build/communication_interface/rosidl_generator_c/communication_interface/srv/detail/action__functions.c:4[m[K:
[7.494s] [01m[K/home/kkk/total_care_project/build/communication_interface/rosidl_generator_c/communication_interface/srv/detail/action__struct.h:23:10:[m[K [01;31m[Kfatal error: [m[Kcommunication_interface/msg/detail/string__struct.h: No such file or directory
[7.494s]    23 | #include [01;31m[K"communication_interface/msg/detail/string__struct.h"[m[K
[7.495s]       |          [01;31m[K^~~~~~~~~~~~~~~~~~~~~~~~~~~~~~~~~~~~~~~~~~~~~~~~~~~~~[m[K
[7.495s] compilation terminated.
[7.495s] make[2]: *** [CMakeFiles/communication_interface__rosidl_generator_c.dir/build.make:107: CMakeFiles/communication_interface__rosidl_generator_c.dir/rosidl_generator_c/communication_interface/srv/detail/action__functions.c.o] Error 1
[7.495s] make[1]: *** [CMakeFiles/Makefile2:213: CMakeFiles/communication_interface__rosidl_generator_c.dir/all] Error 2
[7.495s] make[1]: *** Waiting for unfinished jobs....
[7.500s] [ 12%] [32mBuilding CXX object CMakeFiles/communication_interface__rosidl_typesupport_introspection_cpp.dir/rosidl_typesupport_introspection_cpp/communication_interface/srv/detail/action__type_support.cpp.o[0m
[7.500s] [ 12%] [32mBuilding CXX object CMakeFiles/communication_interface__rosidl_typesupport_cpp.dir/rosidl_typesupport_cpp/communication_interface/srv/action__type_support.cpp.o[0m
[7.511s] [ 16%] [32mBuilding CXX object CMakeFiles/communication_interface__rosidl_typesupport_fastrtps_cpp.dir/rosidl_typesupport_fastrtps_cpp/communication_interface/srv/detail/dds_fastrtps/action__type_support.cpp.o[0m
[7.555s] In file included from [01m[K/home/kkk/total_care_project/build/communication_interface/rosidl_typesupport_cpp/communication_interface/srv/action__type_support.cpp:7[m[K:
[7.555s] [01m[K/home/kkk/total_care_project/build/communication_interface/rosidl_generator_cpp/communication_interface/srv/detail/action__struct.hpp:21:10:[m[K [01;31m[Kfatal error: [m[Kcommunication_interface/msg/detail/string__struct.hpp: No such file or directory
[7.555s]    21 | #include [01;31m[K"communication_interface/msg/detail/string__struct.hpp"[m[K
[7.555s]       |          [01;31m[K^~~~~~~~~~~~~~~~~~~~~~~~~~~~~~~~~~~~~~~~~~~~~~~~~~~~~~~[m[K
[7.555s] compilation terminated.
[7.556s] make[2]: *** [CMakeFiles/communication_interface__rosidl_typesupport_cpp.dir/build.make:88: CMakeFiles/communication_interface__rosidl_typesupport_cpp.dir/rosidl_typesupport_cpp/communication_interface/srv/action__type_support.cpp.o] Error 1
[7.556s] make[1]: *** [CMakeFiles/Makefile2:395: CMakeFiles/communication_interface__rosidl_typesupport_cpp.dir/all] Error 2
[7.562s] In file included from [01m[K/home/kkk/total_care_project/build/communication_interface/rosidl_typesupport_introspection_cpp/communication_interface/srv/detail/action__type_support.cpp:12[m[K:
[7.562s] [01m[K/home/kkk/total_care_project/build/communication_interface/rosidl_generator_cpp/communication_interface/srv/detail/action__struct.hpp:21:10:[m[K [01;31m[Kfatal error: [m[Kcommunication_interface/msg/detail/string__struct.hpp: No such file or directory
[7.562s]    21 | #include [01;31m[K"communication_interface/msg/detail/string__struct.hpp"[m[K
[7.562s]       |          [01;31m[K^~~~~~~~~~~~~~~~~~~~~~~~~~~~~~~~~~~~~~~~~~~~~~~~~~~~~~~[m[K
[7.562s] compilation terminated.
[7.563s] make[2]: *** [CMakeFiles/communication_interface__rosidl_typesupport_introspection_cpp.dir/build.make:93: CMakeFiles/communication_interface__rosidl_typesupport_introspection_cpp.dir/rosidl_typesupport_introspection_cpp/communication_interface/srv/detail/action__type_support.cpp.o] Error 1
[7.563s] make[1]: *** [CMakeFiles/Makefile2:369: CMakeFiles/communication_interface__rosidl_typesupport_introspection_cpp.dir/all] Error 2
[7.565s] In file included from [01m[K/home/kkk/total_care_project/build/communication_interface/rosidl_typesupport_fastrtps_cpp/communication_interface/srv/detail/action__rosidl_typesupport_fastrtps_cpp.hpp:11[m[K,
[7.565s]                  from [01m[K/home/kkk/total_care_project/build/communication_interface/rosidl_typesupport_fastrtps_cpp/communication_interface/srv/detail/dds_fastrtps/action__type_support.cpp:4[m[K:
[7.565s] [01m[K/home/kkk/total_care_project/build/communication_interface/rosidl_generator_cpp/communication_interface/srv/detail/action__struct.hpp:21:10:[m[K [01;31m[Kfatal error: [m[Kcommunication_interface/msg/detail/string__struct.hpp: No such file or directory
[7.565s]    21 | #include [01;31m[K"communication_interface/msg/detail/string__struct.hpp"[m[K
[7.565s]       |          [01;31m[K^~~~~~~~~~~~~~~~~~~~~~~~~~~~~~~~~~~~~~~~~~~~~~~~~~~~~~~[m[K
[7.565s] compilation terminated.
[7.566s] make[2]: *** [CMakeFiles/communication_interface__rosidl_typesupport_fastrtps_cpp.dir/build.make:93: CMakeFiles/communication_interface__rosidl_typesupport_fastrtps_cpp.dir/rosidl_typesupport_fastrtps_cpp/communication_interface/srv/detail/dds_fastrtps/action__type_support.cpp.o] Error 1
[7.566s] make[1]: *** [CMakeFiles/Makefile2:291: CMakeFiles/communication_interface__rosidl_typesupport_fastrtps_cpp.dir/all] Error 2
[8.228s] running egg_info
[8.228s] writing communication_interface.egg-info/PKG-INFO
[8.229s] writing dependency_links to communication_interface.egg-info/dependency_links.txt
[8.229s] writing top-level names to communication_interface.egg-info/top_level.txt
[8.270s] reading manifest file 'communication_interface.egg-info/SOURCES.txt'
[8.271s] writing manifest file 'communication_interface.egg-info/SOURCES.txt'
[8.301s] [ 16%] Built target ament_cmake_python_build_communication_interface_egg
[8.301s] make: *** [Makefile:146: all] Error 2
[8.303s] Invoked command in '/home/kkk/total_care_project/build/communication_interface' returned '2': CMAKE_PREFIX_PATH=${CMAKE_PREFIX_PATH}:/home/kkk/total_care_project/install/robot_base:/home/kkk/ros2_humble/install/rqt_bag_plugins:/home/kkk/ros2_humble/install/rqt_bag:/home/kkk/ros2_humble/install/ros2bag:/home/kkk/ros2_humble/install/tracetools_test:/home/kkk/ros2_humble/install/tracetools_launch:/home/kkk/ros2_humble/install/topic_monitor:/home/kkk/ros2_humble/install/tf2_tools:/home/kkk/ros2_humble/install/examples_tf2_py:/home/kkk/ros2_humble/install/tf2_ros_py:/home/kkk/ros2_humble/install/sros2:/home/kkk/ros2_humble/install/rqt_topic:/home/kkk/ros2_humble/install/rqt_srv:/home/kkk/ros2_humble/install/rqt_shell:/home/kkk/ros2_humble/install/rqt_service_caller:/home/kkk/ros2_humble/install/rqt_reconfigure:/home/kkk/ros2_humble/install/rqt_py_console:/home/kkk/ros2_humble/install/rqt_publisher:/home/kkk/ros2_humble/install/rqt_plot:/home/kkk/ros2_humble/install/rqt_action:/home/kkk/ros2_humble/install/rqt_msg:/home/kkk/ros2_humble/install/rqt_console:/home/kkk/ros2_humble/install/rqt:/home/kkk/ros2_humble/install/rqt_graph:/home/kkk/ros2_humble/install/rqt_gui_py:/home/kkk/ros2_humble/install/rqt_gui:/home/kkk/ros2_humble/install/ros2trace:/home/kkk/ros2_humble/install/ros2topic:/home/kkk/ros2_humble/install/ros2test:/home/kkk/ros2_humble/install/ros2component:/home/kkk/ros2_humble/install/ros2param:/home/kkk/ros2_humble/install/ros2lifecycle:/home/kkk/ros2_humble/install/ros2service:/home/kkk/ros2_humble/install/ros2run:/home/kkk/ros2_humble/install/ros2launch:/home/kkk/ros2_humble/install/ros2pkg:/home/kkk/ros2_humble/install/ros2node:/home/kkk/ros2_humble/install/ros2multicast:/home/kkk/ros2_humble/install/ros2interface:/home/kkk/ros2_humble/install/ros2doctor:/home/kkk/ros2_humble/install/ros2action:/home/kkk/ros2_humble/install/ros2cli:/home/kkk/ros2_humble/install/quality_of_service_demo_py:/home/kkk/ros2_humble/install/lifecycle_py:/home/kkk/ros2_humble/install/launch_testing_ros:/home/kkk/ros2_humble/install/launch_ros:/home/kkk/ros2_humble/install/examples_rclpy_pointcloud_publisher:/home/kkk/ros2_humble/install/examples_rclpy_minimal_subscriber:/home/kkk/ros2_humble/install/examples_rclpy_minimal_service:/home/kkk/ros2_humble/install/examples_rclpy_minimal_publisher:/home/kkk/ros2_humble/install/examples_rclpy_minimal_client:/home/kkk/ros2_humble/install/examples_rclpy_minimal_action_server:/home/kkk/ros2_humble/install/examples_rclpy_minimal_action_client:/home/kkk/ros2_humble/install/examples_rclpy_guard_conditions:/home/kkk/ros2_humble/install/examples_rclpy_executors:/home/kkk/ros2_humble/install/demo_nodes_py:/home/kkk/ros2_humble/install/action_tutorials_py:/home/kkk/ros2_humble/install/ament_uncrustify:/home/kkk/ros2_humble/install/tracetools_trace:/home/kkk/ros2_humble/install/tracetools_read:/home/kkk/ros2_humble/install/test_tracetools_launch:/home/kkk/ros2_humble/install/test_launch_ros:/home/kkk/ros2_humble/install/sensor_msgs_py:/home/kkk/ros2_humble/install/rpyutils:/home/kkk/ros2_humble/install/rosidl_runtime_py:/home/kkk/ros2_humble/install/rosidl_cli:/home/kkk/ros2_humble/install/launch_pytest:/home/kkk/ros2_humble/install/launch_testing:/home/kkk/ros2_humble/install/launch_yaml:/home/kkk/ros2_humble/install/launch_xml:/home/kkk/ros2_humble/install/launch:/home/kkk/ros2_humble/install/osrf_pycommon:/home/kkk/ros2_humble/install/launch_testing_examples:/home/kkk/ros2_humble/install/domain_coordinator:/home/kkk/ros2_humble/install/ament_xmllint:/home/kkk/ros2_humble/install/ament_pyflakes:/home/kkk/ros2_humble/install/ament_pycodestyle:/home/kkk/ros2_humble/install/ament_pep257:/home/kkk/ros2_humble/install/ament_pclint:/home/kkk/ros2_humble/install/ament_package:/home/kkk/ros2_humble/install/ament_mypy:/home/kkk/ros2_humble/install/ament_lint_cmake:/home/kkk/ros2_humble/install/ament_flake8:/home/kkk/ros2_humble/install/ament_copyright:/home/kkk/ros2_humble/install/ament_lint:/home/kkk/ros2_humble/install/ament_index_python:/home/kkk/ros2_humble/install/ament_cpplint:/home/kkk/ros2_humble/install/ament_cppcheck:/home/kkk/ros2_humble/install/ament_clang_tidy:/home/kkk/ros2_humble/install/ament_clang_format /usr/local/bin/cmake --build /home/kkk/total_care_project/build/communication_interface -- -j8 -l8
